         used (Mb) gc trigger (Mb) max used (Mb)
Ncells 273737 14.7     660957 35.3   451911 24.2
Vcells 459551  3.6    8388608 64.0  1801540 13.8
[1] "Move to the desired folder:"
[1] "/scratch/af4887/Proj_Gaia_David"
[1] "Current folder: /scratch/af4887/Proj_Gaia_David"
[1] "/scratch/af4887/Proj_Gaia_David"
[1] "###################"
[1] "###################"
[1] "###################"
[1] "/scratch/af4887/Proj_Gaia_David/freesurfer/sub-03/SUMA"
[1] "###################"
[1] "###################"
[1] "###################"
[1] "afni 3dresample -inset stats_safe.nii.gz -prefix stats_safe_upsampled.nii.gz -master aparc+aseg_REN_all.nii.gz -rmode NN"
[1] "afni 3dresample -inset stats_threat.nii.gz -prefix stats_threat_upsampled.nii.gz -master aparc+aseg_REN_all.nii.gz -rmode NN"
[1] "afni 3dROIstats -mask aparc+aseg_REN_all.nii.gz -nzmean -nzmedian -nzsigma stats_safe_upsampled.nii.gz > sub-03_stats_safe_Desikan-Killiany.1D"
[1] "afni 3dROIstats -mask aparc.a2009s+aseg_REN_all.nii.gz -nzmean -nzmedian -nzsigma stats_safe_upsampled.nii.gz > sub-03_stats_safe_Destrieux.1D"
[1] "afni 3dROIstats -mask aparc+aseg_REN_all.nii.gz -nzmean -nzmedian -nzsigma stats_threat_upsampled.nii.gz > sub-03_stats_threat_Desikan-Killiany.1D"
[1] "afni 3dROIstats -mask aparc.a2009s+aseg_REN_all.nii.gz -nzmean -nzmedian -nzsigma stats_threat_upsampled.nii.gz > sub-03_stats_threat_Destrieux.1D"
[1] "/scratch/af4887/Proj_Gaia_David"
[1] "###################"
[1] "###################"
[1] "###################"
[1] "/scratch/af4887/Proj_Gaia_David/freesurfer/sub-04/SUMA"
[1] "###################"
[1] "###################"
[1] "###################"
[1] "afni 3dresample -inset stats_safe.nii.gz -prefix stats_safe_upsampled.nii.gz -master aparc+aseg_REN_all.nii.gz -rmode NN"
[1] "afni 3dresample -inset stats_threat.nii.gz -prefix stats_threat_upsampled.nii.gz -master aparc+aseg_REN_all.nii.gz -rmode NN"
[1] "afni 3dROIstats -mask aparc+aseg_REN_all.nii.gz -nzmean -nzmedian -nzsigma stats_safe_upsampled.nii.gz > sub-04_stats_safe_Desikan-Killiany.1D"
[1] "afni 3dROIstats -mask aparc.a2009s+aseg_REN_all.nii.gz -nzmean -nzmedian -nzsigma stats_safe_upsampled.nii.gz > sub-04_stats_safe_Destrieux.1D"
[1] "afni 3dROIstats -mask aparc+aseg_REN_all.nii.gz -nzmean -nzmedian -nzsigma stats_threat_upsampled.nii.gz > sub-04_stats_threat_Desikan-Killiany.1D"
[1] "afni 3dROIstats -mask aparc.a2009s+aseg_REN_all.nii.gz -nzmean -nzmedian -nzsigma stats_threat_upsampled.nii.gz > sub-04_stats_threat_Destrieux.1D"
[1] "/scratch/af4887/Proj_Gaia_David"
[1] "###################"
[1] "###################"
[1] "###################"
[1] "/scratch/af4887/Proj_Gaia_David/freesurfer/sub-05/SUMA"
[1] "###################"
[1] "###################"
[1] "###################"
[1] "afni 3dresample -inset stats_safe.nii.gz -prefix stats_safe_upsampled.nii.gz -master aparc+aseg_REN_all.nii.gz -rmode NN"
[1] "afni 3dresample -inset stats_threat.nii.gz -prefix stats_threat_upsampled.nii.gz -master aparc+aseg_REN_all.nii.gz -rmode NN"
[1] "afni 3dROIstats -mask aparc+aseg_REN_all.nii.gz -nzmean -nzmedian -nzsigma stats_safe_upsampled.nii.gz > sub-05_stats_safe_Desikan-Killiany.1D"
[1] "afni 3dROIstats -mask aparc.a2009s+aseg_REN_all.nii.gz -nzmean -nzmedian -nzsigma stats_safe_upsampled.nii.gz > sub-05_stats_safe_Destrieux.1D"
[1] "afni 3dROIstats -mask aparc+aseg_REN_all.nii.gz -nzmean -nzmedian -nzsigma stats_threat_upsampled.nii.gz > sub-05_stats_threat_Desikan-Killiany.1D"
[1] "afni 3dROIstats -mask aparc.a2009s+aseg_REN_all.nii.gz -nzmean -nzmedian -nzsigma stats_threat_upsampled.nii.gz > sub-05_stats_threat_Destrieux.1D"
[1] "/scratch/af4887/Proj_Gaia_David"
[1] "###################"
[1] "###################"
[1] "###################"
[1] "/scratch/af4887/Proj_Gaia_David/freesurfer/sub-06/SUMA"
[1] "###################"
[1] "###################"
[1] "###################"
[1] "afni 3dresample -inset stats_safe.nii.gz -prefix stats_safe_upsampled.nii.gz -master aparc+aseg_REN_all.nii.gz -rmode NN"
[1] "afni 3dresample -inset stats_threat.nii.gz -prefix stats_threat_upsampled.nii.gz -master aparc+aseg_REN_all.nii.gz -rmode NN"
[1] "afni 3dROIstats -mask aparc+aseg_REN_all.nii.gz -nzmean -nzmedian -nzsigma stats_safe_upsampled.nii.gz > sub-06_stats_safe_Desikan-Killiany.1D"
[1] "afni 3dROIstats -mask aparc.a2009s+aseg_REN_all.nii.gz -nzmean -nzmedian -nzsigma stats_safe_upsampled.nii.gz > sub-06_stats_safe_Destrieux.1D"
[1] "afni 3dROIstats -mask aparc+aseg_REN_all.nii.gz -nzmean -nzmedian -nzsigma stats_threat_upsampled.nii.gz > sub-06_stats_threat_Desikan-Killiany.1D"
[1] "afni 3dROIstats -mask aparc.a2009s+aseg_REN_all.nii.gz -nzmean -nzmedian -nzsigma stats_threat_upsampled.nii.gz > sub-06_stats_threat_Destrieux.1D"
[1] "/scratch/af4887/Proj_Gaia_David"
[1] "###################"
[1] "###################"
[1] "###################"
[1] "/scratch/af4887/Proj_Gaia_David/freesurfer/sub-07/SUMA"
[1] "###################"
[1] "###################"
[1] "###################"
[1] "afni 3dresample -inset stats_safe.nii.gz -prefix stats_safe_upsampled.nii.gz -master aparc+aseg_REN_all.nii.gz -rmode NN"
[1] "afni 3dresample -inset stats_threat.nii.gz -prefix stats_threat_upsampled.nii.gz -master aparc+aseg_REN_all.nii.gz -rmode NN"
[1] "afni 3dROIstats -mask aparc+aseg_REN_all.nii.gz -nzmean -nzmedian -nzsigma stats_safe_upsampled.nii.gz > sub-07_stats_safe_Desikan-Killiany.1D"
[1] "afni 3dROIstats -mask aparc.a2009s+aseg_REN_all.nii.gz -nzmean -nzmedian -nzsigma stats_safe_upsampled.nii.gz > sub-07_stats_safe_Destrieux.1D"
[1] "afni 3dROIstats -mask aparc+aseg_REN_all.nii.gz -nzmean -nzmedian -nzsigma stats_threat_upsampled.nii.gz > sub-07_stats_threat_Desikan-Killiany.1D"
[1] "afni 3dROIstats -mask aparc.a2009s+aseg_REN_all.nii.gz -nzmean -nzmedian -nzsigma stats_threat_upsampled.nii.gz > sub-07_stats_threat_Destrieux.1D"
[1] "/scratch/af4887/Proj_Gaia_David"
[1] "###################"
[1] "###################"
[1] "###################"
[1] "/scratch/af4887/Proj_Gaia_David/freesurfer/sub-08/SUMA"
[1] "###################"
[1] "###################"
[1] "###################"
[1] "afni 3dresample -inset stats_safe.nii.gz -prefix stats_safe_upsampled.nii.gz -master aparc+aseg_REN_all.nii.gz -rmode NN"
[1] "afni 3dresample -inset stats_threat.nii.gz -prefix stats_threat_upsampled.nii.gz -master aparc+aseg_REN_all.nii.gz -rmode NN"
[1] "afni 3dROIstats -mask aparc+aseg_REN_all.nii.gz -nzmean -nzmedian -nzsigma stats_safe_upsampled.nii.gz > sub-08_stats_safe_Desikan-Killiany.1D"
[1] "afni 3dROIstats -mask aparc.a2009s+aseg_REN_all.nii.gz -nzmean -nzmedian -nzsigma stats_safe_upsampled.nii.gz > sub-08_stats_safe_Destrieux.1D"
[1] "afni 3dROIstats -mask aparc+aseg_REN_all.nii.gz -nzmean -nzmedian -nzsigma stats_threat_upsampled.nii.gz > sub-08_stats_threat_Desikan-Killiany.1D"
[1] "afni 3dROIstats -mask aparc.a2009s+aseg_REN_all.nii.gz -nzmean -nzmedian -nzsigma stats_threat_upsampled.nii.gz > sub-08_stats_threat_Destrieux.1D"
[1] "/scratch/af4887/Proj_Gaia_David"
[1] "###################"
[1] "###################"
[1] "###################"
[1] "/scratch/af4887/Proj_Gaia_David/freesurfer/sub-09/SUMA"
[1] "###################"
[1] "###################"
[1] "###################"
[1] "afni 3dresample -inset stats_safe.nii.gz -prefix stats_safe_upsampled.nii.gz -master aparc+aseg_REN_all.nii.gz -rmode NN"
[1] "afni 3dresample -inset stats_threat.nii.gz -prefix stats_threat_upsampled.nii.gz -master aparc+aseg_REN_all.nii.gz -rmode NN"
[1] "afni 3dROIstats -mask aparc+aseg_REN_all.nii.gz -nzmean -nzmedian -nzsigma stats_safe_upsampled.nii.gz > sub-09_stats_safe_Desikan-Killiany.1D"
[1] "afni 3dROIstats -mask aparc.a2009s+aseg_REN_all.nii.gz -nzmean -nzmedian -nzsigma stats_safe_upsampled.nii.gz > sub-09_stats_safe_Destrieux.1D"
[1] "afni 3dROIstats -mask aparc+aseg_REN_all.nii.gz -nzmean -nzmedian -nzsigma stats_threat_upsampled.nii.gz > sub-09_stats_threat_Desikan-Killiany.1D"
[1] "afni 3dROIstats -mask aparc.a2009s+aseg_REN_all.nii.gz -nzmean -nzmedian -nzsigma stats_threat_upsampled.nii.gz > sub-09_stats_threat_Destrieux.1D"
[1] "/scratch/af4887/Proj_Gaia_David"
[1] "###################"
[1] "###################"
[1] "###################"
[1] "/scratch/af4887/Proj_Gaia_David/freesurfer/sub-10/SUMA"
[1] "###################"
[1] "###################"
[1] "###################"
[1] "afni 3dresample -inset stats_safe.nii.gz -prefix stats_safe_upsampled.nii.gz -master aparc+aseg_REN_all.nii.gz -rmode NN"
[1] "afni 3dresample -inset stats_threat.nii.gz -prefix stats_threat_upsampled.nii.gz -master aparc+aseg_REN_all.nii.gz -rmode NN"
[1] "afni 3dROIstats -mask aparc+aseg_REN_all.nii.gz -nzmean -nzmedian -nzsigma stats_safe_upsampled.nii.gz > sub-10_stats_safe_Desikan-Killiany.1D"
[1] "afni 3dROIstats -mask aparc.a2009s+aseg_REN_all.nii.gz -nzmean -nzmedian -nzsigma stats_safe_upsampled.nii.gz > sub-10_stats_safe_Destrieux.1D"
[1] "afni 3dROIstats -mask aparc+aseg_REN_all.nii.gz -nzmean -nzmedian -nzsigma stats_threat_upsampled.nii.gz > sub-10_stats_threat_Desikan-Killiany.1D"
[1] "afni 3dROIstats -mask aparc.a2009s+aseg_REN_all.nii.gz -nzmean -nzmedian -nzsigma stats_threat_upsampled.nii.gz > sub-10_stats_threat_Destrieux.1D"
[1] "/scratch/af4887/Proj_Gaia_David"
[1] "###################"
[1] "###################"
[1] "###################"
[1] "/scratch/af4887/Proj_Gaia_David/freesurfer/sub-11/SUMA"
[1] "###################"
[1] "###################"
[1] "###################"
[1] "afni 3dresample -inset stats_safe.nii.gz -prefix stats_safe_upsampled.nii.gz -master aparc+aseg_REN_all.nii.gz -rmode NN"
[1] "afni 3dresample -inset stats_threat.nii.gz -prefix stats_threat_upsampled.nii.gz -master aparc+aseg_REN_all.nii.gz -rmode NN"
[1] "afni 3dROIstats -mask aparc+aseg_REN_all.nii.gz -nzmean -nzmedian -nzsigma stats_safe_upsampled.nii.gz > sub-11_stats_safe_Desikan-Killiany.1D"
[1] "afni 3dROIstats -mask aparc.a2009s+aseg_REN_all.nii.gz -nzmean -nzmedian -nzsigma stats_safe_upsampled.nii.gz > sub-11_stats_safe_Destrieux.1D"
[1] "afni 3dROIstats -mask aparc+aseg_REN_all.nii.gz -nzmean -nzmedian -nzsigma stats_threat_upsampled.nii.gz > sub-11_stats_threat_Desikan-Killiany.1D"
[1] "afni 3dROIstats -mask aparc.a2009s+aseg_REN_all.nii.gz -nzmean -nzmedian -nzsigma stats_threat_upsampled.nii.gz > sub-11_stats_threat_Destrieux.1D"
[1] "/scratch/af4887/Proj_Gaia_David"
[1] "###################"
[1] "###################"
[1] "###################"
[1] "/scratch/af4887/Proj_Gaia_David/freesurfer/sub-12/SUMA"
[1] "###################"
[1] "###################"
[1] "###################"
[1] "afni 3dresample -inset stats_safe.nii.gz -prefix stats_safe_upsampled.nii.gz -master aparc+aseg_REN_all.nii.gz -rmode NN"
[1] "afni 3dresample -inset stats_threat.nii.gz -prefix stats_threat_upsampled.nii.gz -master aparc+aseg_REN_all.nii.gz -rmode NN"
[1] "afni 3dROIstats -mask aparc+aseg_REN_all.nii.gz -nzmean -nzmedian -nzsigma stats_safe_upsampled.nii.gz > sub-12_stats_safe_Desikan-Killiany.1D"
[1] "afni 3dROIstats -mask aparc.a2009s+aseg_REN_all.nii.gz -nzmean -nzmedian -nzsigma stats_safe_upsampled.nii.gz > sub-12_stats_safe_Destrieux.1D"
[1] "afni 3dROIstats -mask aparc+aseg_REN_all.nii.gz -nzmean -nzmedian -nzsigma stats_threat_upsampled.nii.gz > sub-12_stats_threat_Desikan-Killiany.1D"
[1] "afni 3dROIstats -mask aparc.a2009s+aseg_REN_all.nii.gz -nzmean -nzmedian -nzsigma stats_threat_upsampled.nii.gz > sub-12_stats_threat_Destrieux.1D"
[1] "/scratch/af4887/Proj_Gaia_David"
[1] "###################"
[1] "###################"
[1] "###################"
[1] "/scratch/af4887/Proj_Gaia_David/freesurfer/sub-13/SUMA"
[1] "###################"
[1] "###################"
[1] "###################"
[1] "afni 3dresample -inset stats_safe.nii.gz -prefix stats_safe_upsampled.nii.gz -master aparc+aseg_REN_all.nii.gz -rmode NN"
[1] "afni 3dresample -inset stats_threat.nii.gz -prefix stats_threat_upsampled.nii.gz -master aparc+aseg_REN_all.nii.gz -rmode NN"
[1] "afni 3dROIstats -mask aparc+aseg_REN_all.nii.gz -nzmean -nzmedian -nzsigma stats_safe_upsampled.nii.gz > sub-13_stats_safe_Desikan-Killiany.1D"
[1] "afni 3dROIstats -mask aparc.a2009s+aseg_REN_all.nii.gz -nzmean -nzmedian -nzsigma stats_safe_upsampled.nii.gz > sub-13_stats_safe_Destrieux.1D"
[1] "afni 3dROIstats -mask aparc+aseg_REN_all.nii.gz -nzmean -nzmedian -nzsigma stats_threat_upsampled.nii.gz > sub-13_stats_threat_Desikan-Killiany.1D"
[1] "afni 3dROIstats -mask aparc.a2009s+aseg_REN_all.nii.gz -nzmean -nzmedian -nzsigma stats_threat_upsampled.nii.gz > sub-13_stats_threat_Destrieux.1D"
[1] "/scratch/af4887/Proj_Gaia_David"
[1] "###################"
[1] "###################"
[1] "###################"
[1] "/scratch/af4887/Proj_Gaia_David/freesurfer/sub-14/SUMA"
[1] "###################"
[1] "###################"
[1] "###################"
[1] "afni 3dresample -inset stats_safe.nii.gz -prefix stats_safe_upsampled.nii.gz -master aparc+aseg_REN_all.nii.gz -rmode NN"
[1] "afni 3dresample -inset stats_threat.nii.gz -prefix stats_threat_upsampled.nii.gz -master aparc+aseg_REN_all.nii.gz -rmode NN"
[1] "afni 3dROIstats -mask aparc+aseg_REN_all.nii.gz -nzmean -nzmedian -nzsigma stats_safe_upsampled.nii.gz > sub-14_stats_safe_Desikan-Killiany.1D"
[1] "afni 3dROIstats -mask aparc.a2009s+aseg_REN_all.nii.gz -nzmean -nzmedian -nzsigma stats_safe_upsampled.nii.gz > sub-14_stats_safe_Destrieux.1D"
[1] "afni 3dROIstats -mask aparc+aseg_REN_all.nii.gz -nzmean -nzmedian -nzsigma stats_threat_upsampled.nii.gz > sub-14_stats_threat_Desikan-Killiany.1D"
[1] "afni 3dROIstats -mask aparc.a2009s+aseg_REN_all.nii.gz -nzmean -nzmedian -nzsigma stats_threat_upsampled.nii.gz > sub-14_stats_threat_Destrieux.1D"
[1] "/scratch/af4887/Proj_Gaia_David"
[1] "###################"
[1] "###################"
[1] "###################"
[1] "/scratch/af4887/Proj_Gaia_David/freesurfer/sub-15/SUMA"
[1] "###################"
[1] "###################"
[1] "###################"
[1] "afni 3dresample -inset stats_safe.nii.gz -prefix stats_safe_upsampled.nii.gz -master aparc+aseg_REN_all.nii.gz -rmode NN"
[1] "afni 3dresample -inset stats_threat.nii.gz -prefix stats_threat_upsampled.nii.gz -master aparc+aseg_REN_all.nii.gz -rmode NN"
[1] "afni 3dROIstats -mask aparc+aseg_REN_all.nii.gz -nzmean -nzmedian -nzsigma stats_safe_upsampled.nii.gz > sub-15_stats_safe_Desikan-Killiany.1D"
[1] "afni 3dROIstats -mask aparc.a2009s+aseg_REN_all.nii.gz -nzmean -nzmedian -nzsigma stats_safe_upsampled.nii.gz > sub-15_stats_safe_Destrieux.1D"
[1] "afni 3dROIstats -mask aparc+aseg_REN_all.nii.gz -nzmean -nzmedian -nzsigma stats_threat_upsampled.nii.gz > sub-15_stats_threat_Desikan-Killiany.1D"
[1] "afni 3dROIstats -mask aparc.a2009s+aseg_REN_all.nii.gz -nzmean -nzmedian -nzsigma stats_threat_upsampled.nii.gz > sub-15_stats_threat_Destrieux.1D"
[1] "/scratch/af4887/Proj_Gaia_David"
[1] "###################"
[1] "###################"
[1] "###################"
[1] "/scratch/af4887/Proj_Gaia_David/freesurfer/sub-16/SUMA"
[1] "###################"
[1] "###################"
[1] "###################"
[1] "afni 3dresample -inset stats_safe.nii.gz -prefix stats_safe_upsampled.nii.gz -master aparc+aseg_REN_all.nii.gz -rmode NN"
[1] "afni 3dresample -inset stats_threat.nii.gz -prefix stats_threat_upsampled.nii.gz -master aparc+aseg_REN_all.nii.gz -rmode NN"
[1] "afni 3dROIstats -mask aparc+aseg_REN_all.nii.gz -nzmean -nzmedian -nzsigma stats_safe_upsampled.nii.gz > sub-16_stats_safe_Desikan-Killiany.1D"
[1] "afni 3dROIstats -mask aparc.a2009s+aseg_REN_all.nii.gz -nzmean -nzmedian -nzsigma stats_safe_upsampled.nii.gz > sub-16_stats_safe_Destrieux.1D"
[1] "afni 3dROIstats -mask aparc+aseg_REN_all.nii.gz -nzmean -nzmedian -nzsigma stats_threat_upsampled.nii.gz > sub-16_stats_threat_Desikan-Killiany.1D"
[1] "afni 3dROIstats -mask aparc.a2009s+aseg_REN_all.nii.gz -nzmean -nzmedian -nzsigma stats_threat_upsampled.nii.gz > sub-16_stats_threat_Destrieux.1D"
[1] "/scratch/af4887/Proj_Gaia_David"
[1] "###################"
[1] "###################"
[1] "###################"
[1] "/scratch/af4887/Proj_Gaia_David/freesurfer/sub-17/SUMA"
[1] "###################"
[1] "###################"
[1] "###################"
[1] "afni 3dresample -inset stats_safe.nii.gz -prefix stats_safe_upsampled.nii.gz -master aparc+aseg_REN_all.nii.gz -rmode NN"
[1] "afni 3dresample -inset stats_threat.nii.gz -prefix stats_threat_upsampled.nii.gz -master aparc+aseg_REN_all.nii.gz -rmode NN"
[1] "afni 3dROIstats -mask aparc+aseg_REN_all.nii.gz -nzmean -nzmedian -nzsigma stats_safe_upsampled.nii.gz > sub-17_stats_safe_Desikan-Killiany.1D"
[1] "afni 3dROIstats -mask aparc.a2009s+aseg_REN_all.nii.gz -nzmean -nzmedian -nzsigma stats_safe_upsampled.nii.gz > sub-17_stats_safe_Destrieux.1D"
[1] "afni 3dROIstats -mask aparc+aseg_REN_all.nii.gz -nzmean -nzmedian -nzsigma stats_threat_upsampled.nii.gz > sub-17_stats_threat_Desikan-Killiany.1D"
[1] "afni 3dROIstats -mask aparc.a2009s+aseg_REN_all.nii.gz -nzmean -nzmedian -nzsigma stats_threat_upsampled.nii.gz > sub-17_stats_threat_Destrieux.1D"
[1] "/scratch/af4887/Proj_Gaia_David"
[1] "###################"
[1] "###################"
[1] "###################"
[1] "/scratch/af4887/Proj_Gaia_David/freesurfer/sub-18/SUMA"
[1] "###################"
[1] "###################"
[1] "###################"
[1] "afni 3dresample -inset stats_safe.nii.gz -prefix stats_safe_upsampled.nii.gz -master aparc+aseg_REN_all.nii.gz -rmode NN"
[1] "afni 3dresample -inset stats_threat.nii.gz -prefix stats_threat_upsampled.nii.gz -master aparc+aseg_REN_all.nii.gz -rmode NN"
[1] "afni 3dROIstats -mask aparc+aseg_REN_all.nii.gz -nzmean -nzmedian -nzsigma stats_safe_upsampled.nii.gz > sub-18_stats_safe_Desikan-Killiany.1D"
[1] "afni 3dROIstats -mask aparc.a2009s+aseg_REN_all.nii.gz -nzmean -nzmedian -nzsigma stats_safe_upsampled.nii.gz > sub-18_stats_safe_Destrieux.1D"
[1] "afni 3dROIstats -mask aparc+aseg_REN_all.nii.gz -nzmean -nzmedian -nzsigma stats_threat_upsampled.nii.gz > sub-18_stats_threat_Desikan-Killiany.1D"
[1] "afni 3dROIstats -mask aparc.a2009s+aseg_REN_all.nii.gz -nzmean -nzmedian -nzsigma stats_threat_upsampled.nii.gz > sub-18_stats_threat_Destrieux.1D"
[1] "/scratch/af4887/Proj_Gaia_David"
[1] "###################"
[1] "###################"
[1] "###################"
[1] "/scratch/af4887/Proj_Gaia_David/freesurfer/sub-19/SUMA"
[1] "###################"
[1] "###################"
[1] "###################"
[1] "afni 3dresample -inset stats_safe.nii.gz -prefix stats_safe_upsampled.nii.gz -master aparc+aseg_REN_all.nii.gz -rmode NN"
[1] "afni 3dresample -inset stats_threat.nii.gz -prefix stats_threat_upsampled.nii.gz -master aparc+aseg_REN_all.nii.gz -rmode NN"
[1] "afni 3dROIstats -mask aparc+aseg_REN_all.nii.gz -nzmean -nzmedian -nzsigma stats_safe_upsampled.nii.gz > sub-19_stats_safe_Desikan-Killiany.1D"
[1] "afni 3dROIstats -mask aparc.a2009s+aseg_REN_all.nii.gz -nzmean -nzmedian -nzsigma stats_safe_upsampled.nii.gz > sub-19_stats_safe_Destrieux.1D"
[1] "afni 3dROIstats -mask aparc+aseg_REN_all.nii.gz -nzmean -nzmedian -nzsigma stats_threat_upsampled.nii.gz > sub-19_stats_threat_Desikan-Killiany.1D"
[1] "afni 3dROIstats -mask aparc.a2009s+aseg_REN_all.nii.gz -nzmean -nzmedian -nzsigma stats_threat_upsampled.nii.gz > sub-19_stats_threat_Destrieux.1D"
[1] "/scratch/af4887/Proj_Gaia_David"
[1] "###################"
[1] "###################"
[1] "###################"
[1] "/scratch/af4887/Proj_Gaia_David/freesurfer/sub-20/SUMA"
[1] "###################"
[1] "###################"
[1] "###################"
[1] "afni 3dresample -inset stats_safe.nii.gz -prefix stats_safe_upsampled.nii.gz -master aparc+aseg_REN_all.nii.gz -rmode NN"
[1] "afni 3dresample -inset stats_threat.nii.gz -prefix stats_threat_upsampled.nii.gz -master aparc+aseg_REN_all.nii.gz -rmode NN"
[1] "afni 3dROIstats -mask aparc+aseg_REN_all.nii.gz -nzmean -nzmedian -nzsigma stats_safe_upsampled.nii.gz > sub-20_stats_safe_Desikan-Killiany.1D"
[1] "afni 3dROIstats -mask aparc.a2009s+aseg_REN_all.nii.gz -nzmean -nzmedian -nzsigma stats_safe_upsampled.nii.gz > sub-20_stats_safe_Destrieux.1D"
[1] "afni 3dROIstats -mask aparc+aseg_REN_all.nii.gz -nzmean -nzmedian -nzsigma stats_threat_upsampled.nii.gz > sub-20_stats_threat_Desikan-Killiany.1D"
[1] "afni 3dROIstats -mask aparc.a2009s+aseg_REN_all.nii.gz -nzmean -nzmedian -nzsigma stats_threat_upsampled.nii.gz > sub-20_stats_threat_Destrieux.1D"
[1] "/scratch/af4887/Proj_Gaia_David"
[1] "###################"
[1] "###################"
[1] "###################"
[1] "/scratch/af4887/Proj_Gaia_David/freesurfer/sub-21/SUMA"
[1] "###################"
[1] "###################"
[1] "###################"
[1] "afni 3dresample -inset stats_safe.nii.gz -prefix stats_safe_upsampled.nii.gz -master aparc+aseg_REN_all.nii.gz -rmode NN"
[1] "afni 3dresample -inset stats_threat.nii.gz -prefix stats_threat_upsampled.nii.gz -master aparc+aseg_REN_all.nii.gz -rmode NN"
[1] "afni 3dROIstats -mask aparc+aseg_REN_all.nii.gz -nzmean -nzmedian -nzsigma stats_safe_upsampled.nii.gz > sub-21_stats_safe_Desikan-Killiany.1D"
[1] "afni 3dROIstats -mask aparc.a2009s+aseg_REN_all.nii.gz -nzmean -nzmedian -nzsigma stats_safe_upsampled.nii.gz > sub-21_stats_safe_Destrieux.1D"
[1] "afni 3dROIstats -mask aparc+aseg_REN_all.nii.gz -nzmean -nzmedian -nzsigma stats_threat_upsampled.nii.gz > sub-21_stats_threat_Desikan-Killiany.1D"
[1] "afni 3dROIstats -mask aparc.a2009s+aseg_REN_all.nii.gz -nzmean -nzmedian -nzsigma stats_threat_upsampled.nii.gz > sub-21_stats_threat_Destrieux.1D"
[1] "/scratch/af4887/Proj_Gaia_David"
[1] "###################"
[1] "###################"
[1] "###################"
[1] "/scratch/af4887/Proj_Gaia_David/freesurfer/sub-22/SUMA"
[1] "###################"
[1] "###################"
[1] "###################"
[1] "afni 3dresample -inset stats_safe.nii.gz -prefix stats_safe_upsampled.nii.gz -master aparc+aseg_REN_all.nii.gz -rmode NN"
[1] "afni 3dresample -inset stats_threat.nii.gz -prefix stats_threat_upsampled.nii.gz -master aparc+aseg_REN_all.nii.gz -rmode NN"
[1] "afni 3dROIstats -mask aparc+aseg_REN_all.nii.gz -nzmean -nzmedian -nzsigma stats_safe_upsampled.nii.gz > sub-22_stats_safe_Desikan-Killiany.1D"
[1] "afni 3dROIstats -mask aparc.a2009s+aseg_REN_all.nii.gz -nzmean -nzmedian -nzsigma stats_safe_upsampled.nii.gz > sub-22_stats_safe_Destrieux.1D"
[1] "afni 3dROIstats -mask aparc+aseg_REN_all.nii.gz -nzmean -nzmedian -nzsigma stats_threat_upsampled.nii.gz > sub-22_stats_threat_Desikan-Killiany.1D"
[1] "afni 3dROIstats -mask aparc.a2009s+aseg_REN_all.nii.gz -nzmean -nzmedian -nzsigma stats_threat_upsampled.nii.gz > sub-22_stats_threat_Destrieux.1D"
[1] "/scratch/af4887/Proj_Gaia_David"
[1] "###################"
[1] "###################"
[1] "###################"
[1] "/scratch/af4887/Proj_Gaia_David/freesurfer/sub-23/SUMA"
[1] "###################"
[1] "###################"
[1] "###################"
[1] "afni 3dresample -inset stats_safe.nii.gz -prefix stats_safe_upsampled.nii.gz -master aparc+aseg_REN_all.nii.gz -rmode NN"
[1] "afni 3dresample -inset stats_threat.nii.gz -prefix stats_threat_upsampled.nii.gz -master aparc+aseg_REN_all.nii.gz -rmode NN"
[1] "afni 3dROIstats -mask aparc+aseg_REN_all.nii.gz -nzmean -nzmedian -nzsigma stats_safe_upsampled.nii.gz > sub-23_stats_safe_Desikan-Killiany.1D"
[1] "afni 3dROIstats -mask aparc.a2009s+aseg_REN_all.nii.gz -nzmean -nzmedian -nzsigma stats_safe_upsampled.nii.gz > sub-23_stats_safe_Destrieux.1D"
[1] "afni 3dROIstats -mask aparc+aseg_REN_all.nii.gz -nzmean -nzmedian -nzsigma stats_threat_upsampled.nii.gz > sub-23_stats_threat_Desikan-Killiany.1D"
[1] "afni 3dROIstats -mask aparc.a2009s+aseg_REN_all.nii.gz -nzmean -nzmedian -nzsigma stats_threat_upsampled.nii.gz > sub-23_stats_threat_Destrieux.1D"
[1] "/scratch/af4887/Proj_Gaia_David"
[1] "###################"
[1] "###################"
[1] "###################"
[1] "/scratch/af4887/Proj_Gaia_David/freesurfer/sub-24/SUMA"
[1] "###################"
[1] "###################"
[1] "###################"
[1] "afni 3dresample -inset stats_safe.nii.gz -prefix stats_safe_upsampled.nii.gz -master aparc+aseg_REN_all.nii.gz -rmode NN"
[1] "afni 3dresample -inset stats_threat.nii.gz -prefix stats_threat_upsampled.nii.gz -master aparc+aseg_REN_all.nii.gz -rmode NN"
[1] "afni 3dROIstats -mask aparc+aseg_REN_all.nii.gz -nzmean -nzmedian -nzsigma stats_safe_upsampled.nii.gz > sub-24_stats_safe_Desikan-Killiany.1D"
[1] "afni 3dROIstats -mask aparc.a2009s+aseg_REN_all.nii.gz -nzmean -nzmedian -nzsigma stats_safe_upsampled.nii.gz > sub-24_stats_safe_Destrieux.1D"
[1] "afni 3dROIstats -mask aparc+aseg_REN_all.nii.gz -nzmean -nzmedian -nzsigma stats_threat_upsampled.nii.gz > sub-24_stats_threat_Desikan-Killiany.1D"
[1] "afni 3dROIstats -mask aparc.a2009s+aseg_REN_all.nii.gz -nzmean -nzmedian -nzsigma stats_threat_upsampled.nii.gz > sub-24_stats_threat_Destrieux.1D"
[1] "/scratch/af4887/Proj_Gaia_David"
[1] "###################"
[1] "###################"
[1] "###################"
[1] "/scratch/af4887/Proj_Gaia_David/freesurfer/sub-25/SUMA"
[1] "###################"
[1] "###################"
[1] "###################"
[1] "afni 3dresample -inset stats_safe.nii.gz -prefix stats_safe_upsampled.nii.gz -master aparc+aseg_REN_all.nii.gz -rmode NN"
[1] "afni 3dresample -inset stats_threat.nii.gz -prefix stats_threat_upsampled.nii.gz -master aparc+aseg_REN_all.nii.gz -rmode NN"
[1] "afni 3dROIstats -mask aparc+aseg_REN_all.nii.gz -nzmean -nzmedian -nzsigma stats_safe_upsampled.nii.gz > sub-25_stats_safe_Desikan-Killiany.1D"
[1] "afni 3dROIstats -mask aparc.a2009s+aseg_REN_all.nii.gz -nzmean -nzmedian -nzsigma stats_safe_upsampled.nii.gz > sub-25_stats_safe_Destrieux.1D"
[1] "afni 3dROIstats -mask aparc+aseg_REN_all.nii.gz -nzmean -nzmedian -nzsigma stats_threat_upsampled.nii.gz > sub-25_stats_threat_Desikan-Killiany.1D"
[1] "afni 3dROIstats -mask aparc.a2009s+aseg_REN_all.nii.gz -nzmean -nzmedian -nzsigma stats_threat_upsampled.nii.gz > sub-25_stats_threat_Destrieux.1D"
[1] "/scratch/af4887/Proj_Gaia_David"
[1] "###################"
[1] "###################"
[1] "###################"
[1] "/scratch/af4887/Proj_Gaia_David/freesurfer/sub-26/SUMA"
[1] "###################"
[1] "###################"
[1] "###################"
[1] "afni 3dresample -inset stats_safe.nii.gz -prefix stats_safe_upsampled.nii.gz -master aparc+aseg_REN_all.nii.gz -rmode NN"
[1] "afni 3dresample -inset stats_threat.nii.gz -prefix stats_threat_upsampled.nii.gz -master aparc+aseg_REN_all.nii.gz -rmode NN"
[1] "afni 3dROIstats -mask aparc+aseg_REN_all.nii.gz -nzmean -nzmedian -nzsigma stats_safe_upsampled.nii.gz > sub-26_stats_safe_Desikan-Killiany.1D"
[1] "afni 3dROIstats -mask aparc.a2009s+aseg_REN_all.nii.gz -nzmean -nzmedian -nzsigma stats_safe_upsampled.nii.gz > sub-26_stats_safe_Destrieux.1D"
[1] "afni 3dROIstats -mask aparc+aseg_REN_all.nii.gz -nzmean -nzmedian -nzsigma stats_threat_upsampled.nii.gz > sub-26_stats_threat_Desikan-Killiany.1D"
[1] "afni 3dROIstats -mask aparc.a2009s+aseg_REN_all.nii.gz -nzmean -nzmedian -nzsigma stats_threat_upsampled.nii.gz > sub-26_stats_threat_Destrieux.1D"
[1] "/scratch/af4887/Proj_Gaia_David"
[1] "###################"
[1] "###################"
[1] "###################"
[1] "/scratch/af4887/Proj_Gaia_David/freesurfer/sub-27/SUMA"
[1] "###################"
[1] "###################"
[1] "###################"
[1] "afni 3dresample -inset stats_safe.nii.gz -prefix stats_safe_upsampled.nii.gz -master aparc+aseg_REN_all.nii.gz -rmode NN"
[1] "afni 3dresample -inset stats_threat.nii.gz -prefix stats_threat_upsampled.nii.gz -master aparc+aseg_REN_all.nii.gz -rmode NN"
[1] "afni 3dROIstats -mask aparc+aseg_REN_all.nii.gz -nzmean -nzmedian -nzsigma stats_safe_upsampled.nii.gz > sub-27_stats_safe_Desikan-Killiany.1D"
[1] "afni 3dROIstats -mask aparc.a2009s+aseg_REN_all.nii.gz -nzmean -nzmedian -nzsigma stats_safe_upsampled.nii.gz > sub-27_stats_safe_Destrieux.1D"
[1] "afni 3dROIstats -mask aparc+aseg_REN_all.nii.gz -nzmean -nzmedian -nzsigma stats_threat_upsampled.nii.gz > sub-27_stats_threat_Desikan-Killiany.1D"
[1] "afni 3dROIstats -mask aparc.a2009s+aseg_REN_all.nii.gz -nzmean -nzmedian -nzsigma stats_threat_upsampled.nii.gz > sub-27_stats_threat_Destrieux.1D"
[1] "/scratch/af4887/Proj_Gaia_David"
[1] "###################"
[1] "###################"
[1] "###################"
[1] "/scratch/af4887/Proj_Gaia_David/freesurfer/sub-28/SUMA"
[1] "###################"
[1] "###################"
[1] "###################"
[1] "afni 3dresample -inset stats_safe.nii.gz -prefix stats_safe_upsampled.nii.gz -master aparc+aseg_REN_all.nii.gz -rmode NN"
[1] "afni 3dresample -inset stats_threat.nii.gz -prefix stats_threat_upsampled.nii.gz -master aparc+aseg_REN_all.nii.gz -rmode NN"
[1] "afni 3dROIstats -mask aparc+aseg_REN_all.nii.gz -nzmean -nzmedian -nzsigma stats_safe_upsampled.nii.gz > sub-28_stats_safe_Desikan-Killiany.1D"
[1] "afni 3dROIstats -mask aparc.a2009s+aseg_REN_all.nii.gz -nzmean -nzmedian -nzsigma stats_safe_upsampled.nii.gz > sub-28_stats_safe_Destrieux.1D"
[1] "afni 3dROIstats -mask aparc+aseg_REN_all.nii.gz -nzmean -nzmedian -nzsigma stats_threat_upsampled.nii.gz > sub-28_stats_threat_Desikan-Killiany.1D"
[1] "afni 3dROIstats -mask aparc.a2009s+aseg_REN_all.nii.gz -nzmean -nzmedian -nzsigma stats_threat_upsampled.nii.gz > sub-28_stats_threat_Destrieux.1D"
[1] "/scratch/af4887/Proj_Gaia_David"
[1] "###################"
[1] "###################"
[1] "###################"
[1] "/scratch/af4887/Proj_Gaia_David/freesurfer/sub-29/SUMA"
[1] "###################"
[1] "###################"
[1] "###################"
[1] "afni 3dresample -inset stats_safe.nii.gz -prefix stats_safe_upsampled.nii.gz -master aparc+aseg_REN_all.nii.gz -rmode NN"
[1] "afni 3dresample -inset stats_threat.nii.gz -prefix stats_threat_upsampled.nii.gz -master aparc+aseg_REN_all.nii.gz -rmode NN"
[1] "afni 3dROIstats -mask aparc+aseg_REN_all.nii.gz -nzmean -nzmedian -nzsigma stats_safe_upsampled.nii.gz > sub-29_stats_safe_Desikan-Killiany.1D"
[1] "afni 3dROIstats -mask aparc.a2009s+aseg_REN_all.nii.gz -nzmean -nzmedian -nzsigma stats_safe_upsampled.nii.gz > sub-29_stats_safe_Destrieux.1D"
[1] "afni 3dROIstats -mask aparc+aseg_REN_all.nii.gz -nzmean -nzmedian -nzsigma stats_threat_upsampled.nii.gz > sub-29_stats_threat_Desikan-Killiany.1D"
[1] "afni 3dROIstats -mask aparc.a2009s+aseg_REN_all.nii.gz -nzmean -nzmedian -nzsigma stats_threat_upsampled.nii.gz > sub-29_stats_threat_Destrieux.1D"
[1] "/scratch/af4887/Proj_Gaia_David"
[1] "###################"
[1] "###################"
[1] "###################"
[1] "/scratch/af4887/Proj_Gaia_David/freesurfer/sub-30/SUMA"
[1] "###################"
[1] "###################"
[1] "###################"
[1] "afni 3dresample -inset stats_safe.nii.gz -prefix stats_safe_upsampled.nii.gz -master aparc+aseg_REN_all.nii.gz -rmode NN"
[1] "afni 3dresample -inset stats_threat.nii.gz -prefix stats_threat_upsampled.nii.gz -master aparc+aseg_REN_all.nii.gz -rmode NN"
[1] "afni 3dROIstats -mask aparc+aseg_REN_all.nii.gz -nzmean -nzmedian -nzsigma stats_safe_upsampled.nii.gz > sub-30_stats_safe_Desikan-Killiany.1D"
[1] "afni 3dROIstats -mask aparc.a2009s+aseg_REN_all.nii.gz -nzmean -nzmedian -nzsigma stats_safe_upsampled.nii.gz > sub-30_stats_safe_Destrieux.1D"
[1] "afni 3dROIstats -mask aparc+aseg_REN_all.nii.gz -nzmean -nzmedian -nzsigma stats_threat_upsampled.nii.gz > sub-30_stats_threat_Desikan-Killiany.1D"
[1] "afni 3dROIstats -mask aparc.a2009s+aseg_REN_all.nii.gz -nzmean -nzmedian -nzsigma stats_threat_upsampled.nii.gz > sub-30_stats_threat_Destrieux.1D"
[1] "/scratch/af4887/Proj_Gaia_David"
[1] "###################"
[1] "###################"
[1] "###################"
[1] "/scratch/af4887/Proj_Gaia_David/freesurfer/sub-31/SUMA"
[1] "###################"
[1] "###################"
[1] "###################"
[1] "afni 3dresample -inset stats_safe.nii.gz -prefix stats_safe_upsampled.nii.gz -master aparc+aseg_REN_all.nii.gz -rmode NN"
[1] "afni 3dresample -inset stats_threat.nii.gz -prefix stats_threat_upsampled.nii.gz -master aparc+aseg_REN_all.nii.gz -rmode NN"
[1] "afni 3dROIstats -mask aparc+aseg_REN_all.nii.gz -nzmean -nzmedian -nzsigma stats_safe_upsampled.nii.gz > sub-31_stats_safe_Desikan-Killiany.1D"
[1] "afni 3dROIstats -mask aparc.a2009s+aseg_REN_all.nii.gz -nzmean -nzmedian -nzsigma stats_safe_upsampled.nii.gz > sub-31_stats_safe_Destrieux.1D"
[1] "afni 3dROIstats -mask aparc+aseg_REN_all.nii.gz -nzmean -nzmedian -nzsigma stats_threat_upsampled.nii.gz > sub-31_stats_threat_Desikan-Killiany.1D"
[1] "afni 3dROIstats -mask aparc.a2009s+aseg_REN_all.nii.gz -nzmean -nzmedian -nzsigma stats_threat_upsampled.nii.gz > sub-31_stats_threat_Destrieux.1D"
[1] "/scratch/af4887/Proj_Gaia_David"
[1] "###################"
[1] "###################"
[1] "###################"
[1] "/scratch/af4887/Proj_Gaia_David/freesurfer/sub-32/SUMA"
[1] "###################"
[1] "###################"
[1] "###################"
[1] "afni 3dresample -inset stats_safe.nii.gz -prefix stats_safe_upsampled.nii.gz -master aparc+aseg_REN_all.nii.gz -rmode NN"
[1] "afni 3dresample -inset stats_threat.nii.gz -prefix stats_threat_upsampled.nii.gz -master aparc+aseg_REN_all.nii.gz -rmode NN"
[1] "afni 3dROIstats -mask aparc+aseg_REN_all.nii.gz -nzmean -nzmedian -nzsigma stats_safe_upsampled.nii.gz > sub-32_stats_safe_Desikan-Killiany.1D"
[1] "afni 3dROIstats -mask aparc.a2009s+aseg_REN_all.nii.gz -nzmean -nzmedian -nzsigma stats_safe_upsampled.nii.gz > sub-32_stats_safe_Destrieux.1D"
[1] "afni 3dROIstats -mask aparc+aseg_REN_all.nii.gz -nzmean -nzmedian -nzsigma stats_threat_upsampled.nii.gz > sub-32_stats_threat_Desikan-Killiany.1D"
[1] "afni 3dROIstats -mask aparc.a2009s+aseg_REN_all.nii.gz -nzmean -nzmedian -nzsigma stats_threat_upsampled.nii.gz > sub-32_stats_threat_Destrieux.1D"
